<?xml version="1.0" encoding="UTF-8"?>
<!-- Generated by org.testng.reporters.JUnitXMLReporter -->
<testsuite ignored="0" hostname="DESKTOP-9T08QN7" failures="1" tests="2" name="Test API" time="33.534" errors="0" timestamp="2026-01-02T03:39:50 IST">
  <testcase classname="com.api.test.TestUserService" name="testAllUsers" time="31.753">
    <failure type="java.lang.AssertionError" message="Response time exceeds 5000 ms ==&amp;gt; 12775 ms expected [true] but found [false]">
      <![CDATA[java.lang.AssertionError: Response time exceeds 5000 ms ==> 12775 ms expected [true] but found [false]
at com.api.utilities.AssertionsUtil.assertResponseTime(AssertionsUtil.java:41)
at com.api.test.TestUserService.testAllUsers(TestUserService.java:22)
at java.base/java.util.ArrayList.forEach(ArrayList.java:1596)
... Removed 28 stack frames]]>
    </failure>
  </testcase> <!-- testAllUsers -->
  <testcase classname="com.api.test.TestUserService" name="testSingleUser" time="1.017"/>
</testsuite> <!-- Test API -->
