<?xml version="1.0" encoding="UTF-8"?>
<testng-results ignored="0" total="1" passed="1" failed="0" skipped="0">
  <reporter-output>
  </reporter-output>
  <suite started-at="2026-01-04T15:59:08 IST" name="Default suite" finished-at="2026-01-04T15:59:27 IST" duration-ms="18116">
    <groups>
    </groups>
    <test started-at="2026-01-04T15:59:08 IST" name="Default test" finished-at="2026-01-04T15:59:27 IST" duration-ms="18116">
      <class name="com.api.test.TestUserService">
        <test-method is-config="true" signature="setup1()[pri:0, instance:com.api.test.TestUserService@19e4653c]" started-at="2026-01-04T15:59:05 IST" name="setup1" finished-at="2026-01-04T15:59:08 IST" duration-ms="3478" status="PASS">
          <reporter-output>
          </reporter-output>
        </test-method> <!-- setup1 -->
        <test-method is-config="true" signature="setup()[pri:0, instance:com.api.test.TestUserService@19e4653c]" started-at="2026-01-04T15:59:09 IST" name="setup" finished-at="2026-01-04T15:59:09 IST" duration-ms="12" status="PASS">
          <reporter-output>
          </reporter-output>
        </test-method> <!-- setup -->
        <test-method signature="testupdateUserPut()[pri:0, instance:com.api.test.TestUserService@19e4653c]" started-at="2026-01-04T15:59:09 IST" name="testupdateUserPut" finished-at="2026-01-04T15:59:27 IST" duration-ms="17814" status="PASS">
          <reporter-output>
          </reporter-output>
        </test-method> <!-- testupdateUserPut -->
      </class> <!-- com.api.test.TestUserService -->
    </test> <!-- Default test -->
  </suite> <!-- Default suite -->
</testng-results>
